<?xml version="1.0" encoding="UTF-8"?>
<!-- Generated by org.testng.reporters.JUnitXMLReporter -->
<testsuite ignored="1" hostname="DESKTOP-KJC6B92" failures="0" tests="4" name="Test1" time="0.101" errors="0" timestamp="2024-09-03T07:40:08 IST">
  <testcase classname="pack1.TestClass2" name="TestCase4" time="0.007"/>
  <testcase classname="pack1.TestClass2" name="TestCase5" time="0.01"/>
  <testcase classname="pack1.TestClass2" name="TestCase6" time="0.007"/>
  <testcase classname="pack1.TestClass1" name="z1" time="0.002"/>
  <testcase classname="pack1.TestClass1" name="m3" time="0.0">
    <ignored/>
  </testcase> <!-- m3 -->
</testsuite> <!-- Test1 -->
