<?xml version="1.0" encoding="UTF-8"?>
<!-- Generated by org.testng.reporters.JUnitXMLReporter -->
<testsuite ignored="1" hostname="DESKTOP-KJC6B92" failures="0" tests="5" name="Test" time="0.088" errors="0" timestamp="2024-09-02T08:55:06 IST">
  <testcase classname="pack1.TestClass2" name="TestCase4" time="0.007"/>
  <testcase classname="pack1.TestClass2" name="TestCase5" time="0.001"/>
  <testcase classname="pack1.TestClass2" name="TestCase6" time="0.001"/>
  <testcase classname="pack1.TestClass1" name="z1" time="0.001"/>
  <testcase classname="pack1.TestClass1" name="a2" time="0.002"/>
  <testcase classname="pack1.TestClass1" name="m3" time="0.0">
    <ignored/>
  </testcase> <!-- m3 -->
</testsuite> <!-- Test -->
