<?xml version="1.0" encoding="UTF-8"?>
<testng-results ignored="0" total="1" passed="1" failed="0" skipped="0">
  <reporter-output>
  </reporter-output>
  <suite started-at="2024-09-17T06:29:03 IST" name="Default suite" finished-at="2024-09-17T06:29:14 IST" duration-ms="10902">
    <groups>
      <group name="cucumber">
        <method signature="AbstractTestNGCucumberTests.runScenario(io.cucumber.testng.PickleWrapper,io.cucumber.testng.FeatureWrapper)[pri:0, instance:testSuites.TestRunner@5d0a1059]" name="runScenario" class="io.cucumber.testng.AbstractTestNGCucumberTests"/>
      </group> <!-- cucumber -->
    </groups>
    <test started-at="2024-09-17T06:29:03 IST" name="Default test" finished-at="2024-09-17T06:29:14 IST" duration-ms="10902">
      <class name="testSuites.TestRunner">
        <test-method is-config="true" signature="setUpClass(org.testng.ITestContext)[pri:0, instance:testSuites.TestRunner@5d0a1059]" started-at="2024-09-17T06:29:03 IST" name="setUpClass" finished-at="2024-09-17T06:29:04 IST" duration-ms="799" status="PASS">
          <params>
            <param index="0">
              <value>
                <![CDATA[org.testng.TestRunner@6438a7fe]]>
              </value>
            </param>
          </params>
          <reporter-output>
          </reporter-output>
        </test-method> <!-- setUpClass -->
        <test-method signature="runScenario(io.cucumber.testng.PickleWrapper,io.cucumber.testng.FeatureWrapper)[pri:0, instance:testSuites.TestRunner@5d0a1059]" started-at="2024-09-17T06:29:04 IST" name="runScenario" description="Runs Cucumber Scenarios" data-provider="scenarios" finished-at="2024-09-17T06:29:14 IST" duration-ms="10035" status="PASS">
          <params>
            <param index="0">
              <value>
                <![CDATA["User should be able to change the password successfully."]]>
              </value>
            </param>
            <param index="1">
              <value>
                <![CDATA["To test change password functionlity"]]>
              </value>
            </param>
          </params>
          <reporter-output>
          </reporter-output>
        </test-method> <!-- runScenario -->
        <test-method is-config="true" signature="tearDownClass()[pri:0, instance:testSuites.TestRunner@5d0a1059]" started-at="2024-09-17T06:29:14 IST" name="tearDownClass" finished-at="2024-09-17T06:29:14 IST" duration-ms="27" status="PASS">
          <reporter-output>
          </reporter-output>
        </test-method> <!-- tearDownClass -->
      </class> <!-- testSuites.TestRunner -->
    </test> <!-- Default test -->
  </suite> <!-- Default suite -->
</testng-results>
