<?xml version="1.0" encoding="UTF-8"?>
<!-- Generated by org.testng.reporters.JUnitXMLReporter -->
<testsuite ignored="2" hostname="DESKTOP-KJC6B92" failures="0" tests="2" name="Test" time="47.784" errors="0" timestamp="2024-05-30T07:58:48 IST">
  <testcase classname="testSuites.EditAccountTestSuite" name="tc_124_editAccountTest" time="41.793"/>
  <testcase classname="testSuites.EditAddressTestSuite" name="tc_1245_editAddressTest" time="4.133"/>
  <testcase classname="basePack.BaseTest" name="@AfterSuite closeBrowser" time="0.0">
    <ignored/>
  </testcase> <!-- @AfterSuite closeBrowser -->
  <testcase classname="basePack.BaseTest" name="@BeforeSuite initBrowser" time="0.0">
    <ignored/>
  </testcase> <!-- @BeforeSuite initBrowser -->
</testsuite> <!-- Test -->
