<?xml version="1.0" encoding="UTF-8"?>
<testsuite xmlns:xsi="http://www.w3.org/2001/XMLSchema-instance" xsi:noNamespaceSchemaLocation="https://maven.apache.org/surefire/maven-surefire-plugin/xsd/surefire-test-report.xsd" version="3.0.2" name="TestSuite" time="8.432" tests="1" errors="0" skipped="0" failures="0">
  <properties>
[...]
</properties>
  <testcase name="runScenario[&quot;User should be able to change the password successfully.&quot;, &quot;To test change password functionlity&quot;](1)" classname="testSuites.TestRunner" time="7.144">
    <system-out><![CDATA[
Scenario: User should be able to change the password successfully. &amp#27;[90m# src/test/resources/Features/ChangePassword.feature:3&amp#27;[0m
Login Successful
  &amp#27;[32mGiven &amp#27;[0m&amp#27;[32mthat user clicks on Password button&amp#27;[0m                        &amp#27;[90m# StepDefinition.POMchangePassSteps.clickPassOption()&amp#27;[0m
  &amp#27;[32mAnd &amp#27;[0m&amp#27;[32menters new password and confirm password&amp#27;[0m                     &amp#27;[90m# StepDefinition.POMchangePassSteps.enterNewPass()&amp#27;[0m
  &amp#27;[32mAnd &amp#27;[0m&amp#27;[32mhits continue button&amp#27;[0m                                         &amp#27;[90m# StepDefinition.POMchangePassSteps.clickContinue()&amp#27;[0m
textonUI : Success: Your password has been successfully updated.
Password Reset Failed.
  &amp#27;[32mThen &amp#27;[0m&amp#27;[32mpassword should be changed successfully.&amp#27;[0m                    &amp#27;[90m# StepDefinition.POMchangePassSteps.verifyChangePass()&amp#27;[0m

Logout Successful
]]></system-out>
    <system-err><![CDATA[Sep 17, 2024 6:33:44 AM org.openqa.selenium.devtools.CdpVersionFinder findNearestMatch
WARNING: Unable to find an exact match for CDP version 128, returning the closest version; found: 127; Please update to a Selenium version that supports CDP version 128
]]></system-err>
  </testcase>
</testsuite>