<?xml version="1.0" encoding="UTF-8"?>
<testng-results ignored="0" total="1" passed="1" failed="0" skipped="0">
  <reporter-output>
  </reporter-output>
  <suite started-at="2024-09-17T06:33:41 IST" name="Suite" finished-at="2024-09-17T06:33:49 IST" duration-ms="7890">
    <groups>
      <group name="cucumber">
        <method signature="AbstractTestNGCucumberTests.runScenario(io.cucumber.testng.PickleWrapper,io.cucumber.testng.FeatureWrapper)[pri:0, instance:testSuites.TestRunner@58695725]" name="runScenario" class="io.cucumber.testng.AbstractTestNGCucumberTests"/>
      </group> <!-- cucumber -->
    </groups>
    <test started-at="2024-09-17T06:33:41 IST" name="Test" finished-at="2024-09-17T06:33:49 IST" duration-ms="7890">
      <class name="testSuites.TestRunner">
        <test-method is-config="true" signature="setUpClass(org.testng.ITestContext)[pri:0, instance:testSuites.TestRunner@58695725]" started-at="2024-09-17T06:33:41 IST" name="setUpClass" finished-at="2024-09-17T06:33:42 IST" duration-ms="676" status="PASS">
          <params>
            <param index="0">
              <value>
                <![CDATA[org.testng.TestRunner@7a389761]]>
              </value>
            </param>
          </params>
          <reporter-output>
          </reporter-output>
        </test-method> <!-- setUpClass -->
        <test-method signature="runScenario(io.cucumber.testng.PickleWrapper,io.cucumber.testng.FeatureWrapper)[pri:0, instance:testSuites.TestRunner@58695725]" started-at="2024-09-17T06:33:42 IST" name="runScenario" description="Runs Cucumber Scenarios" data-provider="scenarios" finished-at="2024-09-17T06:33:49 IST" duration-ms="7148" status="PASS">
          <params>
            <param index="0">
              <value>
                <![CDATA["User should be able to change the password successfully."]]>
              </value>
            </param>
            <param index="1">
              <value>
                <![CDATA["To test change password functionlity"]]>
              </value>
            </param>
          </params>
          <reporter-output>
          </reporter-output>
        </test-method> <!-- runScenario -->
        <test-method is-config="true" signature="tearDownClass()[pri:0, instance:testSuites.TestRunner@58695725]" started-at="2024-09-17T06:33:49 IST" name="tearDownClass" finished-at="2024-09-17T06:33:49 IST" duration-ms="16" status="PASS">
          <reporter-output>
          </reporter-output>
        </test-method> <!-- tearDownClass -->
      </class> <!-- testSuites.TestRunner -->
    </test> <!-- Test -->
  </suite> <!-- Suite -->
</testng-results>
