<?xml version="1.0" encoding="UTF-8"?>
<testng-results ignored="0" total="1" passed="1" failed="0" skipped="0">
  <reporter-output>
  </reporter-output>
  <suite started-at="2024-09-11T07:28:31 IST" name="Default suite" finished-at="2024-09-11T07:28:46 IST" duration-ms="14859">
    <groups>
    </groups>
    <test started-at="2024-09-11T07:28:31 IST" name="Default test" finished-at="2024-09-11T07:28:46 IST" duration-ms="14859">
      <class name="testSuites.ChangePasswordTestSuite">
        <test-method is-config="true" signature="Login()[pri:0, instance:testSuites.ChangePasswordTestSuite@3e84448c]" started-at="2024-09-11T07:28:31 IST" name="Login" finished-at="2024-09-11T07:28:43 IST" duration-ms="12016" status="PASS">
          <reporter-output>
          </reporter-output>
        </test-method> <!-- Login -->
        <test-method signature="TC_123_ChangePasswordTest()[pri:0, instance:testSuites.ChangePasswordTestSuite@3e84448c]" started-at="2024-09-11T07:28:43 IST" name="TC_123_ChangePasswordTest" finished-at="2024-09-11T07:28:45 IST" duration-ms="1727" status="PASS">
          <reporter-output>
          </reporter-output>
        </test-method> <!-- TC_123_ChangePasswordTest -->
        <test-method is-config="true" signature="Logout()[pri:0, instance:testSuites.ChangePasswordTestSuite@3e84448c]" started-at="2024-09-11T07:28:45 IST" name="Logout" finished-at="2024-09-11T07:28:46 IST" duration-ms="1062" status="PASS">
          <reporter-output>
          </reporter-output>
        </test-method> <!-- Logout -->
      </class> <!-- testSuites.ChangePasswordTestSuite -->
    </test> <!-- Default test -->
  </suite> <!-- Default suite -->
</testng-results>
