<?xml version="1.0" encoding="UTF-8"?>
<testng-results ignored="0" total="1" passed="1" failed="0" skipped="0">
  <reporter-output>
  </reporter-output>
  <suite started-at="2024-09-10T07:59:42 IST" name="Default suite" finished-at="2024-09-10T07:59:53 IST" duration-ms="10884">
    <groups>
    </groups>
    <test started-at="2024-09-10T07:59:42 IST" name="Default test" finished-at="2024-09-10T07:59:53 IST" duration-ms="10884">
      <class name="testSuites.ChangePasswordTestSuite">
        <test-method is-config="true" signature="Login()[pri:0, instance:testSuites.ChangePasswordTestSuite@4d5b6aac]" started-at="2024-09-10T07:59:42 IST" name="Login" finished-at="2024-09-10T07:59:50 IST" duration-ms="8143" status="PASS">
          <reporter-output>
          </reporter-output>
        </test-method> <!-- Login -->
        <test-method signature="TC_123_ChangePasswordTest()[pri:0, instance:testSuites.ChangePasswordTestSuite@4d5b6aac]" started-at="2024-09-10T07:59:50 IST" name="TC_123_ChangePasswordTest" finished-at="2024-09-10T07:59:52 IST" duration-ms="1741" status="PASS">
          <reporter-output>
          </reporter-output>
        </test-method> <!-- TC_123_ChangePasswordTest -->
        <test-method is-config="true" signature="Logout()[pri:0, instance:testSuites.ChangePasswordTestSuite@4d5b6aac]" started-at="2024-09-10T07:59:52 IST" name="Logout" finished-at="2024-09-10T07:59:53 IST" duration-ms="945" status="PASS">
          <reporter-output>
          </reporter-output>
        </test-method> <!-- Logout -->
      </class> <!-- testSuites.ChangePasswordTestSuite -->
    </test> <!-- Default test -->
  </suite> <!-- Default suite -->
</testng-results>
