<?xml version="1.0" encoding="UTF-8"?>
<testng-results ignored="0" total="1" passed="1" failed="0" skipped="0">
  <reporter-output>
  </reporter-output>
  <suite started-at="2024-09-13T08:41:19 IST" name="Default suite" finished-at="2024-09-13T08:41:30 IST" duration-ms="11983">
    <groups>
    </groups>
    <test started-at="2024-09-13T08:41:19 IST" name="Default test" finished-at="2024-09-13T08:41:30 IST" duration-ms="11983">
      <class name="testSuites.ChangePasswordTestSuite">
        <test-method is-config="true" signature="executionInitialization()[pri:0, instance:testSuites.ChangePasswordTestSuite@71def8f8]" started-at="2024-09-13T08:41:18 IST" name="executionInitialization" finished-at="2024-09-13T08:41:19 IST" duration-ms="38" status="PASS">
          <reporter-output>
          </reporter-output>
        </test-method> <!-- executionInitialization -->
        <test-method is-config="true" signature="Login()[pri:0, instance:testSuites.ChangePasswordTestSuite@71def8f8]" started-at="2024-09-13T08:41:19 IST" name="Login" finished-at="2024-09-13T08:41:25 IST" duration-ms="6503" status="PASS">
          <reporter-output>
          </reporter-output>
        </test-method> <!-- Login -->
        <test-method signature="TC_123_ChangePasswordTest()[pri:0, instance:testSuites.ChangePasswordTestSuite@71def8f8]" started-at="2024-09-13T08:41:25 IST" name="TC_123_ChangePasswordTest" finished-at="2024-09-13T08:41:29 IST" duration-ms="3739" status="PASS">
          <reporter-output>
          </reporter-output>
        </test-method> <!-- TC_123_ChangePasswordTest -->
        <test-method is-config="true" signature="Logout()[pri:0, instance:testSuites.ChangePasswordTestSuite@71def8f8]" started-at="2024-09-13T08:41:29 IST" name="Logout" finished-at="2024-09-13T08:41:30 IST" duration-ms="1698" status="PASS">
          <reporter-output>
          </reporter-output>
        </test-method> <!-- Logout -->
      </class> <!-- testSuites.ChangePasswordTestSuite -->
    </test> <!-- Default test -->
  </suite> <!-- Default suite -->
</testng-results>
