<?xml version="1.0" encoding="UTF-8"?>
<!-- Generated by org.testng.reporters.JUnitXMLReporter -->
<testsuite ignored="0" hostname="DESKTOP-KJC6B92" failures="0" tests="6" name="Class3And2" time="0.092" errors="0" timestamp="2024-09-03T07:25:24 IST">
  <testcase classname="pack1.TestClass3" name="TestCase7" time="0.006"/>
  <testcase classname="pack1.TestClass3" name="TestCase8" time="0.001"/>
  <testcase classname="pack1.TestClass3" name="TestCase9" time="0.002"/>
  <testcase classname="pack1.TestClass2" name="TestCase4" time="0.004"/>
  <testcase classname="pack1.TestClass2" name="TestCase5" time="0.004"/>
  <testcase classname="pack1.TestClass2" name="TestCase6" time="0.006"/>
</testsuite> <!-- Class3And2 -->
