<?xml version="1.0" encoding="UTF-8"?>
<testng-results ignored="0" total="1" passed="1" failed="0" skipped="0">
  <reporter-output>
  </reporter-output>
  <suite started-at="2024-09-13T09:02:55 IST" name="Suite" finished-at="2024-09-13T09:03:09 IST" duration-ms="13563">
    <groups>
    </groups>
    <test started-at="2024-09-13T09:02:55 IST" name="Test" finished-at="2024-09-13T09:03:09 IST" duration-ms="13563">
      <class name="testSuites.ChangePasswordTestSuite">
        <test-method is-config="true" signature="executionInitialization()[pri:0, instance:testSuites.ChangePasswordTestSuite@57d7f8ca]" started-at="2024-09-13T09:02:55 IST" name="executionInitialization" finished-at="2024-09-13T09:02:55 IST" duration-ms="30" status="PASS">
          <reporter-output>
          </reporter-output>
        </test-method> <!-- executionInitialization -->
        <test-method is-config="true" signature="Login()[pri:0, instance:testSuites.ChangePasswordTestSuite@57d7f8ca]" started-at="2024-09-13T09:02:55 IST" name="Login" finished-at="2024-09-13T09:03:03 IST" duration-ms="7922" status="PASS">
          <reporter-output>
          </reporter-output>
        </test-method> <!-- Login -->
        <test-method signature="TC_123_ChangePasswordTest()[pri:0, instance:testSuites.ChangePasswordTestSuite@57d7f8ca]" started-at="2024-09-13T09:03:03 IST" name="TC_123_ChangePasswordTest" finished-at="2024-09-13T09:03:07 IST" duration-ms="3961" status="PASS">
          <reporter-output>
          </reporter-output>
        </test-method> <!-- TC_123_ChangePasswordTest -->
        <test-method is-config="true" signature="Logout()[pri:0, instance:testSuites.ChangePasswordTestSuite@57d7f8ca]" started-at="2024-09-13T09:03:07 IST" name="Logout" finished-at="2024-09-13T09:03:09 IST" duration-ms="1644" status="PASS">
          <reporter-output>
          </reporter-output>
        </test-method> <!-- Logout -->
      </class> <!-- testSuites.ChangePasswordTestSuite -->
    </test> <!-- Test -->
  </suite> <!-- Suite -->
</testng-results>
