<?xml version="1.0" encoding="UTF-8"?>
<testng-results ignored="0" total="1" passed="1" failed="0" skipped="0">
  <reporter-output>
  </reporter-output>
  <suite started-at="2024-09-16T08:25:03 IST" name="Suite" finished-at="2024-09-16T08:25:25 IST" duration-ms="21974">
    <groups>
    </groups>
    <test started-at="2024-09-16T08:25:03 IST" name="Test" finished-at="2024-09-16T08:25:25 IST" duration-ms="21974">
      <class name="testSuites.ChangePasswordTestSuite">
        <test-method is-config="true" signature="executionInitialization()[pri:0, instance:testSuites.ChangePasswordTestSuite@1534f01b]" started-at="2024-09-16T08:25:03 IST" name="executionInitialization" finished-at="2024-09-16T08:25:03 IST" duration-ms="44" status="PASS">
          <reporter-output>
          </reporter-output>
        </test-method> <!-- executionInitialization -->
        <test-method is-config="true" signature="Login()[pri:0, instance:testSuites.ChangePasswordTestSuite@1534f01b]" started-at="2024-09-16T08:25:03 IST" name="Login" finished-at="2024-09-16T08:25:18 IST" duration-ms="14817" status="PASS">
          <reporter-output>
          </reporter-output>
        </test-method> <!-- Login -->
        <test-method signature="TC_123_ChangePasswordTest()[pri:0, instance:testSuites.ChangePasswordTestSuite@1534f01b]" started-at="2024-09-16T08:25:18 IST" name="TC_123_ChangePasswordTest" finished-at="2024-09-16T08:25:23 IST" duration-ms="5317" status="PASS">
          <reporter-output>
          </reporter-output>
        </test-method> <!-- TC_123_ChangePasswordTest -->
        <test-method is-config="true" signature="Logout()[pri:0, instance:testSuites.ChangePasswordTestSuite@1534f01b]" started-at="2024-09-16T08:25:23 IST" name="Logout" finished-at="2024-09-16T08:25:25 IST" duration-ms="1753" status="PASS">
          <reporter-output>
          </reporter-output>
        </test-method> <!-- Logout -->
      </class> <!-- testSuites.ChangePasswordTestSuite -->
    </test> <!-- Test -->
  </suite> <!-- Suite -->
</testng-results>
