<?xml version="1.0" encoding="UTF-8"?>
<testng-results ignored="1" total="6" passed="5" failed="0" skipped="0">
  <reporter-output>
  </reporter-output>
  <suite started-at="2024-09-02T08:55:06 IST" name="Suite" finished-at="2024-09-02T08:55:06 IST" duration-ms="88">
    <groups>
    </groups>
    <test started-at="2024-09-02T08:55:06 IST" name="Test" finished-at="2024-09-02T08:55:06 IST" duration-ms="88">
      <class name="pack1.TestClass1">
        <test-method is-config="true" signature="beforeClass()[pri:0, instance:pack1.TestClass1@1b6e1eff]" started-at="2024-09-02T08:55:06 IST" name="beforeClass" finished-at="2024-09-02T08:55:06 IST" duration-ms="0" status="PASS">
          <reporter-output>
          </reporter-output>
        </test-method> <!-- beforeClass -->
        <test-method is-config="true" signature="preCondition()[pri:0, instance:pack1.TestClass1@1b6e1eff]" started-at="2024-09-02T08:55:06 IST" name="preCondition" finished-at="2024-09-02T08:55:06 IST" duration-ms="0" status="PASS">
          <reporter-output>
          </reporter-output>
        </test-method> <!-- preCondition -->
        <test-method signature="z1()[pri:0, instance:pack1.TestClass1@1b6e1eff]" started-at="2024-09-02T08:55:06 IST" name="z1" finished-at="2024-09-02T08:55:06 IST" duration-ms="1" status="PASS">
          <reporter-output>
          </reporter-output>
        </test-method> <!-- z1 -->
        <test-method is-config="true" signature="postCondition()[pri:0, instance:pack1.TestClass1@1b6e1eff]" started-at="2024-09-02T08:55:06 IST" name="postCondition" finished-at="2024-09-02T08:55:06 IST" duration-ms="1" status="PASS">
          <reporter-output>
          </reporter-output>
        </test-method> <!-- postCondition -->
        <test-method is-config="true" signature="preCondition()[pri:0, instance:pack1.TestClass1@1b6e1eff]" started-at="2024-09-02T08:55:06 IST" name="preCondition" finished-at="2024-09-02T08:55:06 IST" duration-ms="0" status="PASS">
          <reporter-output>
          </reporter-output>
        </test-method> <!-- preCondition -->
        <test-method signature="a2()[pri:3, instance:pack1.TestClass1@1b6e1eff]" started-at="2024-09-02T08:55:06 IST" name="a2" finished-at="2024-09-02T08:55:06 IST" duration-ms="2" status="PASS">
          <reporter-output>
          </reporter-output>
        </test-method> <!-- a2 -->
        <test-method is-config="true" signature="postCondition()[pri:0, instance:pack1.TestClass1@1b6e1eff]" started-at="2024-09-02T08:55:06 IST" name="postCondition" finished-at="2024-09-02T08:55:06 IST" duration-ms="1" status="PASS">
          <reporter-output>
          </reporter-output>
        </test-method> <!-- postCondition -->
        <test-method is-config="true" signature="afterClass()[pri:0, instance:pack1.TestClass1@1b6e1eff]" started-at="2024-09-02T08:55:06 IST" name="afterClass" finished-at="2024-09-02T08:55:06 IST" duration-ms="0" status="PASS">
          <reporter-output>
          </reporter-output>
        </test-method> <!-- afterClass -->
      </class> <!-- pack1.TestClass1 -->
      <class name="pack1.TestClass2">
        <test-method is-config="true" signature="beforeClass2()[pri:0, instance:pack1.TestClass2@27ff5d15]" started-at="2024-09-02T08:55:06 IST" name="beforeClass2" finished-at="2024-09-02T08:55:06 IST" duration-ms="8" status="PASS">
          <reporter-output>
          </reporter-output>
        </test-method> <!-- beforeClass2 -->
        <test-method signature="TestCase4()[pri:0, instance:pack1.TestClass2@27ff5d15]" started-at="2024-09-02T08:55:06 IST" name="TestCase4" finished-at="2024-09-02T08:55:06 IST" duration-ms="7" status="PASS">
          <reporter-output>
          </reporter-output>
        </test-method> <!-- TestCase4 -->
        <test-method signature="TestCase5()[pri:0, instance:pack1.TestClass2@27ff5d15]" started-at="2024-09-02T08:55:06 IST" name="TestCase5" finished-at="2024-09-02T08:55:06 IST" duration-ms="1" status="PASS">
          <reporter-output>
          </reporter-output>
        </test-method> <!-- TestCase5 -->
        <test-method signature="TestCase6()[pri:0, instance:pack1.TestClass2@27ff5d15]" started-at="2024-09-02T08:55:06 IST" name="TestCase6" finished-at="2024-09-02T08:55:06 IST" duration-ms="1" status="PASS">
          <reporter-output>
          </reporter-output>
        </test-method> <!-- TestCase6 -->
        <test-method is-config="true" signature="afterClass2()[pri:0, instance:pack1.TestClass2@27ff5d15]" started-at="2024-09-02T08:55:06 IST" name="afterClass2" finished-at="2024-09-02T08:55:06 IST" duration-ms="0" status="PASS">
          <reporter-output>
          </reporter-output>
        </test-method> <!-- afterClass2 -->
      </class> <!-- pack1.TestClass2 -->
    </test> <!-- Test -->
  </suite> <!-- Suite -->
</testng-results>
